<?xml version="1.0" encoding="UTF-8"?>
<!-- Generated by org.testng.reporters.JUnitXMLReporter -->
<testsuite hostname="DESKTOP-2K1438F" failures="0" tests="27" name="Surefire test" time="0.174" errors="0" timestamp="30 Mar 2021 12:23:35 GMT">
  <testcase classname="com.calculator.maven.first_project_pass_G_ex.AdvancedCalculatorTest" name="testRaisedToThePowerNn on testRaisedToThePowerNn(com.calculator.maven.first_project_pass_G_ex.AdvancedCalculatorTest)" time="0.03"/>
  <testcase classname="com.calculator.maven.first_project_pass_G_ex.AdvancedCalculatorTest" name="testRaisedToThePowerPn on testRaisedToThePowerPn(com.calculator.maven.first_project_pass_G_ex.AdvancedCalculatorTest)" time="0.0"/>
  <testcase classname="com.calculator.maven.first_project_pass_G_ex.AdvancedCalculatorTest" name="testAbsoluteValueZero on testAbsoluteValueZero(com.calculator.maven.first_project_pass_G_ex.AdvancedCalculatorTest)" time="0.001"/>
  <testcase classname="com.calculator.maven.first_project_pass_G_ex.AdvancedCalculatorTest" name="testSquareNn on testSquareNn(com.calculator.maven.first_project_pass_G_ex.AdvancedCalculatorTest)" time="0.001"/>
  <testcase classname="com.calculator.maven.first_project_pass_G_ex.AdvancedCalculatorTest" name="testSquarePn on testSquarePn(com.calculator.maven.first_project_pass_G_ex.AdvancedCalculatorTest)" time="0.001"/>
  <testcase classname="com.calculator.maven.first_project_pass_G_ex.AdvancedCalculatorTest" name="testAbsoluteValueNn on testAbsoluteValueNn(com.calculator.maven.first_project_pass_G_ex.AdvancedCalculatorTest)" time="0.001"/>
  <testcase classname="com.calculator.maven.first_project_pass_G_ex.AdvancedCalculatorTest" name="testAbsoluteValuePn on testAbsoluteValuePn(com.calculator.maven.first_project_pass_G_ex.AdvancedCalculatorTest)" time="0.001"/>
  <testcase classname="com.calculator.maven.first_project_pass_G_ex.AdvancedCalculatorTest" name="testRootZero on testRootZero(com.calculator.maven.first_project_pass_G_ex.AdvancedCalculatorTest)" time="0.0"/>
  <testcase classname="com.calculator.maven.first_project_pass_G_ex.AdvancedCalculatorTest" name="testRaisedToThePowerZero on testRaisedToThePowerZero(com.calculator.maven.first_project_pass_G_ex.AdvancedCalculatorTest)" time="0.0"/>
  <testcase classname="com.calculator.maven.first_project_pass_G_ex.AdvancedCalculatorTest" name="testSquareZero on testSquareZero(com.calculator.maven.first_project_pass_G_ex.AdvancedCalculatorTest)" time="0.001"/>
  <testcase classname="com.calculator.maven.first_project_pass_G_ex.AdvancedCalculatorTest" name="testRootNn on testRootNn(com.calculator.maven.first_project_pass_G_ex.AdvancedCalculatorTest)" time="0.0"/>
  <testcase classname="com.calculator.maven.first_project_pass_G_ex.AdvancedCalculatorTest" name="testRootPn on testRootPn(com.calculator.maven.first_project_pass_G_ex.AdvancedCalculatorTest)" time="0.001"/>
  <testcase classname="com.calculator.maven.first_project_pass_G_ex.AdvancedCalculatorTest" name="testRemainderZero on testRemainderZero(com.calculator.maven.first_project_pass_G_ex.AdvancedCalculatorTest)" time="0.001"/>
  <testcase classname="com.calculator.maven.first_project_pass_G_ex.AdvancedCalculatorTest" name="testRemainderNn on testRemainderNn(com.calculator.maven.first_project_pass_G_ex.AdvancedCalculatorTest)" time="0.001"/>
  <testcase classname="com.calculator.maven.first_project_pass_G_ex.AdvancedCalculatorTest" name="testRemainderPn on testRemainderPn(com.calculator.maven.first_project_pass_G_ex.AdvancedCalculatorTest)" time="0.001"/>
  <testcase classname="com.calculator.maven.first_project_pass_G_ex.BasicCalculatorTest" name="testAddZero on testAddZero(com.calculator.maven.first_project_pass_G_ex.BasicCalculatorTest)" time="0.001"/>
  <testcase classname="com.calculator.maven.first_project_pass_G_ex.BasicCalculatorTest" name="testAddNn on testAddNn(com.calculator.maven.first_project_pass_G_ex.BasicCalculatorTest)" time="0.001"/>
  <testcase classname="com.calculator.maven.first_project_pass_G_ex.BasicCalculatorTest" name="testAddPn on testAddPn(com.calculator.maven.first_project_pass_G_ex.BasicCalculatorTest)" time="0.001"/>
  <testcase classname="com.calculator.maven.first_project_pass_G_ex.BasicCalculatorTest" name="testDivNn on testDivNn(com.calculator.maven.first_project_pass_G_ex.BasicCalculatorTest)" time="0.0"/>
  <testcase classname="com.calculator.maven.first_project_pass_G_ex.BasicCalculatorTest" name="testDivPn on testDivPn(com.calculator.maven.first_project_pass_G_ex.BasicCalculatorTest)" time="0.0"/>
  <testcase classname="com.calculator.maven.first_project_pass_G_ex.BasicCalculatorTest" name="testSubNn on testSubNn(com.calculator.maven.first_project_pass_G_ex.BasicCalculatorTest)" time="0.0"/>
  <testcase classname="com.calculator.maven.first_project_pass_G_ex.BasicCalculatorTest" name="testSubPn on testSubPn(com.calculator.maven.first_project_pass_G_ex.BasicCalculatorTest)" time="0.0"/>
  <testcase classname="com.calculator.maven.first_project_pass_G_ex.BasicCalculatorTest" name="testMoltZero on testMoltZero(com.calculator.maven.first_project_pass_G_ex.BasicCalculatorTest)" time="0.0"/>
  <testcase classname="com.calculator.maven.first_project_pass_G_ex.BasicCalculatorTest" name="testDivZero on testDivZero(com.calculator.maven.first_project_pass_G_ex.BasicCalculatorTest)" time="0.0"/>
  <testcase classname="com.calculator.maven.first_project_pass_G_ex.BasicCalculatorTest" name="testMoltNn on testMoltNn(com.calculator.maven.first_project_pass_G_ex.BasicCalculatorTest)" time="0.002"/>
  <testcase classname="com.calculator.maven.first_project_pass_G_ex.BasicCalculatorTest" name="testMoltPn on testMoltPn(com.calculator.maven.first_project_pass_G_ex.BasicCalculatorTest)" time="0.001"/>
  <testcase classname="com.calculator.maven.first_project_pass_G_ex.BasicCalculatorTest" name="testSubZero on testSubZero(com.calculator.maven.first_project_pass_G_ex.BasicCalculatorTest)" time="0.001"/>
</testsuite> <!-- Surefire test -->
